Using pre-set license
Built from '2020.3/staging' branch; Version is '2020.3.6f1 (338bb68529b2) revision 3378102'; Using compiler version '192528614'; Build Type 'Release'
OS: 'Windows 10 Home; OS build 19043.1165; Version 2009; 64bit' Language: 'ja' Physical Memory: 32699 MB
BatchMode: 1, IsHumanControllingUs: 0, StartBugReporterOnCrash: 0, Is64bit: 1, IsPro: 0

 COMMAND LINE ARGUMENTS:
C:\Program Files\Unity\Hub\Editor\2020.3.6f1\Editor\Unity.exe
-adb2
-batchMode
-noUpm
-name
AssetImportWorker0
-projectPath
D:/Unity/unity_ws/myAGV_demo
-logFile
Logs/AssetImportWorker0.log
-srvPort
49827
Successfully changed project path to: D:/Unity/unity_ws/myAGV_demo
D:/Unity/unity_ws/myAGV_demo
Using Asset Import Pipeline V2.
Refreshing native plugins compatible for Editor in 24.77 ms, found 2 plugins.
Preloading 0 native plugins for Editor in 0.00 ms.
Initialize engine version: 2020.3.6f1 (338bb68529b2)
[Subsystems] Discovering subsystems at path C:/Program Files/Unity/Hub/Editor/2020.3.6f1/Editor/Data/Resources/UnitySubsystems
[Subsystems] Discovering subsystems at path D:/Unity/unity_ws/myAGV_demo/Assets
GfxDevice: creating device client; threaded=0
Direct3D:
    Version:  Direct3D 11.0 [level 11.1]
    Renderer: NVIDIA GeForce GTX 1060 6GB (ID=0x1c03)
    Vendor:   
    VRAM:     6052 MB
    Driver:   27.21.14.5671
Initialize mono
Mono path[0] = 'C:/Program Files/Unity/Hub/Editor/2020.3.6f1/Editor/Data/Managed'
Mono path[1] = 'C:/Program Files/Unity/Hub/Editor/2020.3.6f1/Editor/Data/MonoBleedingEdge/lib/mono/unityjit'
Mono config path = 'C:/Program Files/Unity/Hub/Editor/2020.3.6f1/Editor/Data/MonoBleedingEdge/etc'
Using monoOptions --debugger-agent=transport=dt_socket,embedding=1,server=y,suspend=n,address=127.0.0.1:56788
Begin MonoManager ReloadAssembly
Registering precompiled unity dll's ...
Register platform support module: C:/Program Files/Unity/Hub/Editor/2020.3.6f1/Editor/Data/PlaybackEngines/MacStandaloneSupport/UnityEditor.OSXStandalone.Extensions.dll
Register platform support module: C:/Program Files/Unity/Hub/Editor/2020.3.6f1/Editor/Data/PlaybackEngines/WindowsStandaloneSupport/UnityEditor.WindowsStandalone.Extensions.dll
Register platform support module: C:/Program Files/Unity/Hub/Editor/2020.3.6f1/Editor/Data/PlaybackEngines/LinuxStandaloneSupport/UnityEditor.LinuxStandalone.Extensions.dll
Registered in 0.002153 seconds.
Native extension for LinuxStandalone target not found
Native extension for WindowsStandalone target not found
Native extension for OSXStandalone target not found
Refreshing native plugins compatible for Editor in 27.02 ms, found 2 plugins.
Preloading 0 native plugins for Editor in 0.00 ms.
Mono: successfully reloaded assembly
- Completed reload, in  0.838 seconds
Platform modules already initialized, skipping
Registering precompiled user dll's ...
Registered in 0.001108 seconds.
Begin MonoManager ReloadAssembly
Native extension for LinuxStandalone target not found
Native extension for WindowsStandalone target not found
Native extension for OSXStandalone target not found
Refreshing native plugins compatible for Editor in 25.42 ms, found 2 plugins.
Preloading 0 native plugins for Editor in 0.00 ms.
Mono: successfully reloaded assembly
- Completed reload, in  1.303 seconds
Platform modules already initialized, skipping
========================================================================
Worker process is ready to serve import requests
Launched and connected shader compiler UnityShaderCompiler.exe after 0.03 seconds
Refreshing native plugins compatible for Editor in 0.28 ms, found 2 plugins.
Preloading 0 native plugins for Editor in 0.00 ms.
Unloading 1729 Unused Serialized files (Serialized files now loaded: 0)
System memory in use before: 86.1 MB.
System memory in use after: 86.2 MB.

Unloading 19 unused Assets to reduce memory usage. Loaded Objects now: 2163.
Total: 2.993800 ms (FindLiveObjects: 0.292800 ms CreateObjectMapping: 0.104800 ms MarkObjects: 2.524800 ms  DeleteObjects: 0.069300 ms)

========================================================================
Received Import Request.
  path: Assets/UnitySensorsROS/Scripts/Runtime/IMU/IMUPublisher.cs
  artifactKey: Guid(7724d69d8cddc8981aee4cb75301fe79) Importer(815301076,1909f56bfc062723c751e8b465ee728b)
Start importing Assets/UnitySensorsROS/Scripts/Runtime/IMU/IMUPublisher.cs using Guid(7724d69d8cddc8981aee4cb75301fe79) Importer(815301076,1909f56bfc062723c751e8b465ee728b)  -> (artifact id: '614dbdd9e7218c6051cebdc6f8b6d9bb') in 0.018066 seconds
  Import took 0.020328 seconds .

========================================================================
Received Import Request.
  Time since last request: 30.236483 seconds.
  path: Assets/UnitySensorsROS/Scripts/Runtime/IMU/IMUPublisher.cs
  artifactKey: Guid(7724d69d8cddc8981aee4cb75301fe79) Importer(815301076,1909f56bfc062723c751e8b465ee728b)
Start importing Assets/UnitySensorsROS/Scripts/Runtime/IMU/IMUPublisher.cs using Guid(7724d69d8cddc8981aee4cb75301fe79) Importer(815301076,1909f56bfc062723c751e8b465ee728b)  -> (artifact id: '85fd8181bd435a02edee61021370a156') in 0.001430 seconds
  Import took 0.003964 seconds .

========================================================================
Received Import Request.
  Time since last request: 6.686988 seconds.
  path: Assets/UnitySensorsROS/Scripts/Runtime/IMU/IMUPublisher.cs
  artifactKey: Guid(7724d69d8cddc8981aee4cb75301fe79) Importer(815301076,1909f56bfc062723c751e8b465ee728b)
Start importing Assets/UnitySensorsROS/Scripts/Runtime/IMU/IMUPublisher.cs using Guid(7724d69d8cddc8981aee4cb75301fe79) Importer(815301076,1909f56bfc062723c751e8b465ee728b)  -> (artifact id: '00844fef0ed133f875ec4ce2da6d900e') in 0.002900 seconds
  Import took 0.005385 seconds .

========================================================================
Received Import Request.
  Time since last request: 19.650937 seconds.
  path: Assets/UnitySensorsROS/Scripts/Runtime/IMU/IMUPublisher.cs
  artifactKey: Guid(7724d69d8cddc8981aee4cb75301fe79) Importer(815301076,1909f56bfc062723c751e8b465ee728b)
Start importing Assets/UnitySensorsROS/Scripts/Runtime/IMU/IMUPublisher.cs using Guid(7724d69d8cddc8981aee4cb75301fe79) Importer(815301076,1909f56bfc062723c751e8b465ee728b)  -> (artifact id: '689b84c48d37bffe6d038cc5335f2bda') in 0.001156 seconds
  Import took 0.003220 seconds .

========================================================================
Received Import Request.
  Time since last request: 15.667644 seconds.
  path: Assets/UnitySensorsROS/Scripts/Runtime/IMU/IMUPublisher.cs
  artifactKey: Guid(7724d69d8cddc8981aee4cb75301fe79) Importer(815301076,1909f56bfc062723c751e8b465ee728b)
Start importing Assets/UnitySensorsROS/Scripts/Runtime/IMU/IMUPublisher.cs using Guid(7724d69d8cddc8981aee4cb75301fe79) Importer(815301076,1909f56bfc062723c751e8b465ee728b)  -> (artifact id: '6d9d4a13c047f8e9b728827b31e11a5c') in 0.001247 seconds
  Import took 0.003314 seconds .

========================================================================
Received Import Request.
  Time since last request: 11.642627 seconds.
  path: Assets/UnitySensorsROS/Scripts/Runtime/IMU/IMUPublisher.cs
  artifactKey: Guid(7724d69d8cddc8981aee4cb75301fe79) Importer(815301076,1909f56bfc062723c751e8b465ee728b)
Start importing Assets/UnitySensorsROS/Scripts/Runtime/IMU/IMUPublisher.cs using Guid(7724d69d8cddc8981aee4cb75301fe79) Importer(815301076,1909f56bfc062723c751e8b465ee728b)  -> (artifact id: '3f5aaa8556d75234d9f5056c853614df') in 0.001248 seconds
  Import took 0.003358 seconds .

========================================================================
Received Import Request.
  Time since last request: 41.808873 seconds.
  path: Assets/UnitySensorsROS/Scripts/Runtime/IMU/IMUPublisher.cs
  artifactKey: Guid(7724d69d8cddc8981aee4cb75301fe79) Importer(815301076,1909f56bfc062723c751e8b465ee728b)
Start importing Assets/UnitySensorsROS/Scripts/Runtime/IMU/IMUPublisher.cs using Guid(7724d69d8cddc8981aee4cb75301fe79) Importer(815301076,1909f56bfc062723c751e8b465ee728b)  -> (artifact id: 'ca420722245d507a0b1b021dd612aba5') in 0.001635 seconds
  Import took 0.004186 seconds .

========================================================================
Received Import Request.
  Time since last request: 6.110610 seconds.
  path: Assets/UnitySensorsROS/Scripts/Runtime/IMU/IMUPublisher.cs
  artifactKey: Guid(7724d69d8cddc8981aee4cb75301fe79) Importer(815301076,1909f56bfc062723c751e8b465ee728b)
Start importing Assets/UnitySensorsROS/Scripts/Runtime/IMU/IMUPublisher.cs using Guid(7724d69d8cddc8981aee4cb75301fe79) Importer(815301076,1909f56bfc062723c751e8b465ee728b)  -> (artifact id: '58139cbcba7fd6831ed7fdb23f540a67') in 0.001275 seconds
  Import took 0.003825 seconds .

========================================================================
Received Import Request.
  Time since last request: 5.324526 seconds.
  path: Assets/UnitySensorsROS/Scripts/Runtime/IMU/IMUPublisher.cs
  artifactKey: Guid(7724d69d8cddc8981aee4cb75301fe79) Importer(815301076,1909f56bfc062723c751e8b465ee728b)
Start importing Assets/UnitySensorsROS/Scripts/Runtime/IMU/IMUPublisher.cs using Guid(7724d69d8cddc8981aee4cb75301fe79) Importer(815301076,1909f56bfc062723c751e8b465ee728b)  -> (artifact id: '32759eb31b71ce3fb57234b03b45991e') in 0.001229 seconds
  Import took 0.003398 seconds .

========================================================================
Received Prepare
Registering precompiled user dll's ...
Registered in 0.001081 seconds.
Begin MonoManager ReloadAssembly
Native extension for LinuxStandalone target not found
Native extension for WindowsStandalone target not found
Native extension for OSXStandalone target not found
Refreshing native plugins compatible for Editor in 0.30 ms, found 2 plugins.
Preloading 0 native plugins for Editor in 0.00 ms.
Mono: successfully reloaded assembly
- Completed reload, in  0.708 seconds
Platform modules already initialized, skipping
Refreshing native plugins compatible for Editor in 0.29 ms, found 2 plugins.
Preloading 0 native plugins for Editor in 0.00 ms.
Unloading 1724 Unused Serialized files (Serialized files now loaded: 0)
System memory in use before: 86.1 MB.
System memory in use after: 86.2 MB.

Unloading 14 unused Assets to reduce memory usage. Loaded Objects now: 2166.
Total: 1.850700 ms (FindLiveObjects: 0.158500 ms CreateObjectMapping: 0.050600 ms MarkObjects: 1.591900 ms  DeleteObjects: 0.048600 ms)

